Determining if the pthread_create exist failed with the following output:
Change Dir: /home/rathishdas/CompBio/newccs/unanimity/build/CMakeFiles/CMakeTmp

Run Build Command:"/usr/bin/make" "cmTC_83fd5/fast"
/usr/bin/make -f CMakeFiles/cmTC_83fd5.dir/build.make CMakeFiles/cmTC_83fd5.dir/build
make[1]: Entering directory '/home/rathishdas/CompBio/newccs/unanimity/build/CMakeFiles/CMakeTmp'
Building C object CMakeFiles/cmTC_83fd5.dir/CheckSymbolExists.c.o
/usr/bin/cc     -o CMakeFiles/cmTC_83fd5.dir/CheckSymbolExists.c.o   -c /home/rathishdas/CompBio/newccs/unanimity/build/CMakeFiles/CMakeTmp/CheckSymbolExists.c
Linking C executable cmTC_83fd5
/usr/bin/cmake -E cmake_link_script CMakeFiles/cmTC_83fd5.dir/link.txt --verbose=1
/usr/bin/cc       -static-libgcc -static-libstdc++  CMakeFiles/cmTC_83fd5.dir/CheckSymbolExists.c.o  -o cmTC_83fd5 -rdynamic 
CMakeFiles/cmTC_83fd5.dir/CheckSymbolExists.c.o: In function `main':
CheckSymbolExists.c:(.text+0x16): undefined reference to `pthread_create'
collect2: error: ld returned 1 exit status
CMakeFiles/cmTC_83fd5.dir/build.make:97: recipe for target 'cmTC_83fd5' failed
make[1]: *** [cmTC_83fd5] Error 1
make[1]: Leaving directory '/home/rathishdas/CompBio/newccs/unanimity/build/CMakeFiles/CMakeTmp'
Makefile:126: recipe for target 'cmTC_83fd5/fast' failed
make: *** [cmTC_83fd5/fast] Error 2

File /home/rathishdas/CompBio/newccs/unanimity/build/CMakeFiles/CMakeTmp/CheckSymbolExists.c:
/* */
#include <pthread.h>

int main(int argc, char** argv)
{
  (void)argv;
#ifndef pthread_create
  return ((int*)(&pthread_create))[argc];
#else
  (void)argc;
  return 0;
#endif
}

Determining if the function pthread_create exists in the pthreads failed with the following output:
Change Dir: /home/rathishdas/CompBio/newccs/unanimity/build/CMakeFiles/CMakeTmp

Run Build Command:"/usr/bin/make" "cmTC_a89d4/fast"
/usr/bin/make -f CMakeFiles/cmTC_a89d4.dir/build.make CMakeFiles/cmTC_a89d4.dir/build
make[1]: Entering directory '/home/rathishdas/CompBio/newccs/unanimity/build/CMakeFiles/CMakeTmp'
Building C object CMakeFiles/cmTC_a89d4.dir/CheckFunctionExists.c.o
/usr/bin/cc    -DCHECK_FUNCTION_EXISTS=pthread_create   -o CMakeFiles/cmTC_a89d4.dir/CheckFunctionExists.c.o   -c /usr/share/cmake-3.5/Modules/CheckFunctionExists.c
Linking C executable cmTC_a89d4
/usr/bin/cmake -E cmake_link_script CMakeFiles/cmTC_a89d4.dir/link.txt --verbose=1
/usr/bin/cc   -DCHECK_FUNCTION_EXISTS=pthread_create    -static-libgcc -static-libstdc++  CMakeFiles/cmTC_a89d4.dir/CheckFunctionExists.c.o  -o cmTC_a89d4 -rdynamic -lpthreads 
/usr/bin/ld: cannot find -lpthreads
collect2: error: ld returned 1 exit status
CMakeFiles/cmTC_a89d4.dir/build.make:97: recipe for target 'cmTC_a89d4' failed
make[1]: *** [cmTC_a89d4] Error 1
make[1]: Leaving directory '/home/rathishdas/CompBio/newccs/unanimity/build/CMakeFiles/CMakeTmp'
Makefile:126: recipe for target 'cmTC_a89d4/fast' failed
make: *** [cmTC_a89d4/fast] Error 2


